This file contains any messages produced by compilers while
running configure, to aid debugging if configure makes a mistake.

It was created by cramore configure 0714e06-dirty, which was
generated by GNU Autoconf 2.69.  Invocation command line was

  $ ./configure 

## --------- ##
## Platform. ##
## --------- ##

hostname = hyunpro2017.local
uname -m = x86_64
uname -r = 17.6.0
uname -s = Darwin
uname -v = Darwin Kernel Version 17.6.0: Tue May  8 15:22:16 PDT 2018; root:xnu-4570.61.1~1/RELEASE_X86_64

/usr/bin/uname -p = i386
/bin/uname -X     = unknown

/bin/arch              = unknown
/usr/bin/arch -k       = unknown
/usr/convex/getsysinfo = unknown
/usr/bin/hostinfo      = Mach kernel version:
	 Darwin Kernel Version 17.6.0: Tue May  8 15:22:16 PDT 2018; root:xnu-4570.61.1~1/RELEASE_X86_64
Kernel configured for up to 4 processors.
2 processors are physically available.
4 processors are logically available.
Processor type: x86_64h (Intel x86-64h Haswell)
Processors active: 0 1 2 3
Primary memory available: 8.00 gigabytes
Default processor set: 357 tasks, 1846 threads, 4 processors
Load average: 1.94, Mach factor: 2.08
/bin/machine           = unknown
/usr/bin/oslevel       = unknown
/bin/universe          = unknown

PATH: /usr/local/bin
PATH: /usr/bin
PATH: /bin
PATH: /usr/sbin
PATH: /sbin


## ----------- ##
## Core tests. ##
## ----------- ##

configure:2452: checking for a BSD-compatible install
configure:2520: result: /usr/bin/install -c
configure:2531: checking whether build environment is sane
configure:2586: result: yes
configure:2737: checking for a thread-safe mkdir -p
configure:2776: result: ./install-sh -c -d
configure:2783: checking for gawk
configure:2813: result: no
configure:2783: checking for mawk
configure:2813: result: no
configure:2783: checking for nawk
configure:2813: result: no
configure:2783: checking for awk
configure:2799: found /usr/bin/awk
configure:2810: result: awk
configure:2821: checking whether make sets $(MAKE)
configure:2843: result: yes
configure:2872: checking whether make supports nested variables
configure:2889: result: yes
configure:3016: checking whether make sets $(MAKE)
configure:3038: result: yes
configure:3105: checking for g++
configure:3121: found /usr/bin/g++
configure:3132: result: g++
configure:3159: checking for C++ compiler version
configure:3168: g++ --version >&5
Apple LLVM version 9.1.0 (clang-902.0.39.2)
Target: x86_64-apple-darwin17.6.0
Thread model: posix
InstalledDir: /Library/Developer/CommandLineTools/usr/bin
Configured with: --prefix=/Library/Developer/CommandLineTools/usr --with-gxx-include-dir=/usr/include/c++/4.2.1
configure:3179: $? = 0
configure:3168: g++ -v >&5
Configured with: --prefix=/Library/Developer/CommandLineTools/usr --with-gxx-include-dir=/usr/include/c++/4.2.1
Apple LLVM version 9.1.0 (clang-902.0.39.2)
Target: x86_64-apple-darwin17.6.0
Thread model: posix
InstalledDir: /Library/Developer/CommandLineTools/usr/bin
configure:3179: $? = 0
configure:3168: g++ -V >&5
clang: error: argument to '-V' is missing (expected 1 value)
clang: error: no input files
configure:3179: $? = 1
configure:3168: g++ -qversion >&5
clang: error: unknown argument: '-qversion'
clang: error: no input files
configure:3179: $? = 1
configure:3199: checking whether the C++ compiler works
configure:3221: g++    conftest.cpp  >&5
configure:3225: $? = 0
configure:3273: result: yes
configure:3276: checking for C++ compiler default output file name
configure:3278: result: a.out
configure:3284: checking for suffix of executables
configure:3291: g++ -o conftest    conftest.cpp  >&5
configure:3295: $? = 0
configure:3317: result: 
configure:3339: checking whether we are cross compiling
configure:3347: g++ -o conftest    conftest.cpp  >&5
configure:3351: $? = 0
configure:3358: ./conftest
configure:3362: $? = 0
configure:3377: result: no
configure:3382: checking for suffix of object files
configure:3404: g++ -c   conftest.cpp >&5
configure:3408: $? = 0
configure:3429: result: o
configure:3433: checking whether we are using the GNU C++ compiler
configure:3452: g++ -c   conftest.cpp >&5
configure:3452: $? = 0
configure:3461: result: yes
configure:3470: checking whether g++ accepts -g
configure:3490: g++ -c -g  conftest.cpp >&5
configure:3490: $? = 0
configure:3531: result: yes
configure:3557: checking whether make supports the include directive
configure:3572: make -f confmf.GNU && cat confinc.out
this is the am__doit target
configure:3575: $? = 0
configure:3594: result: yes (GNU style)
configure:3619: checking dependency style of g++
configure:3730: result: gcc3
configure:3873: checking for gcc
configure:3889: found /usr/bin/gcc
configure:3900: result: gcc
configure:4129: checking for C compiler version
configure:4138: gcc --version >&5
Apple LLVM version 9.1.0 (clang-902.0.39.2)
Target: x86_64-apple-darwin17.6.0
Thread model: posix
InstalledDir: /Library/Developer/CommandLineTools/usr/bin
Configured with: --prefix=/Library/Developer/CommandLineTools/usr --with-gxx-include-dir=/usr/include/c++/4.2.1
configure:4149: $? = 0
configure:4138: gcc -v >&5
Configured with: --prefix=/Library/Developer/CommandLineTools/usr --with-gxx-include-dir=/usr/include/c++/4.2.1
Apple LLVM version 9.1.0 (clang-902.0.39.2)
Target: x86_64-apple-darwin17.6.0
Thread model: posix
InstalledDir: /Library/Developer/CommandLineTools/usr/bin
configure:4149: $? = 0
configure:4138: gcc -V >&5
clang: error: argument to '-V' is missing (expected 1 value)
clang: error: no input files
configure:4149: $? = 1
configure:4138: gcc -qversion >&5
clang: error: unknown argument: '-qversion'
clang: error: no input files
configure:4149: $? = 1
configure:4153: checking whether we are using the GNU C compiler
configure:4172: gcc -c   conftest.c >&5
configure:4172: $? = 0
configure:4181: result: yes
configure:4190: checking whether gcc accepts -g
configure:4210: gcc -c -g  conftest.c >&5
configure:4210: $? = 0
configure:4251: result: yes
configure:4268: checking for gcc option to accept ISO C89
configure:4331: gcc  -c -g -O2  conftest.c >&5
configure:4331: $? = 0
configure:4344: result: none needed
configure:4369: checking whether gcc understands -c and -o together
configure:4391: gcc -c conftest.c -o conftest2.o
configure:4394: $? = 0
configure:4391: gcc -c conftest.c -o conftest2.o
configure:4394: $? = 0
configure:4406: result: yes
configure:4425: checking dependency style of gcc
configure:4536: result: gcc3
configure:4560: checking for special C compiler options needed for large files
configure:4605: result: no
configure:4611: checking for _FILE_OFFSET_BITS value needed for large files
configure:4636: g++ -c -g -O2  conftest.cpp >&5
configure:4636: $? = 0
configure:4668: result: no
configure:4774: checking location of HTSlib source tree
configure:4795: result: ../htslib
configure:5002: checking how to run the C++ preprocessor
configure:5029: g++ -E  conftest.cpp
configure:5029: $? = 0
configure:5043: g++ -E  conftest.cpp
conftest.cpp:11:10: fatal error: 'ac_nonexistent.h' file not found
#include <ac_nonexistent.h>
         ^~~~~~~~~~~~~~~~~~
1 error generated.
configure:5043: $? = 1
configure: failed program was:
| /* confdefs.h */
| #define PACKAGE_NAME "cramore"
| #define PACKAGE_TARNAME "cramore"
| #define PACKAGE_VERSION "0714e06-dirty"
| #define PACKAGE_STRING "cramore 0714e06-dirty"
| #define PACKAGE_BUGREPORT "hmkang@umich.edu"
| #define PACKAGE_URL ""
| #define PACKAGE "cramore"
| #define VERSION "0714e06-dirty"
| /* end confdefs.h.  */
| #include <ac_nonexistent.h>
configure:5068: result: g++ -E
configure:5088: g++ -E  conftest.cpp
configure:5088: $? = 0
configure:5102: g++ -E  conftest.cpp
conftest.cpp:11:10: fatal error: 'ac_nonexistent.h' file not found
#include <ac_nonexistent.h>
         ^~~~~~~~~~~~~~~~~~
1 error generated.
configure:5102: $? = 1
configure: failed program was:
| /* confdefs.h */
| #define PACKAGE_NAME "cramore"
| #define PACKAGE_TARNAME "cramore"
| #define PACKAGE_VERSION "0714e06-dirty"
| #define PACKAGE_STRING "cramore 0714e06-dirty"
| #define PACKAGE_BUGREPORT "hmkang@umich.edu"
| #define PACKAGE_URL ""
| #define PACKAGE "cramore"
| #define VERSION "0714e06-dirty"
| /* end confdefs.h.  */
| #include <ac_nonexistent.h>
configure:5131: checking for grep that handles long lines and -e
configure:5189: result: /usr/bin/grep
configure:5194: checking for egrep
configure:5256: result: /usr/bin/grep -E
configure:5261: checking for ANSI C header files
configure:5281: g++ -c -g -O2  conftest.cpp >&5
configure:5281: $? = 0
configure:5354: g++ -o conftest -g -O2   conftest.cpp  >&5
configure:5354: $? = 0
configure:5354: ./conftest
configure:5354: $? = 0
configure:5365: result: yes
configure:5378: checking for sys/types.h
configure:5378: g++ -c -g -O2  conftest.cpp >&5
configure:5378: $? = 0
configure:5378: result: yes
configure:5378: checking for sys/stat.h
configure:5378: g++ -c -g -O2  conftest.cpp >&5
configure:5378: $? = 0
configure:5378: result: yes
configure:5378: checking for stdlib.h
configure:5378: g++ -c -g -O2  conftest.cpp >&5
configure:5378: $? = 0
configure:5378: result: yes
configure:5378: checking for string.h
configure:5378: g++ -c -g -O2  conftest.cpp >&5
configure:5378: $? = 0
configure:5378: result: yes
configure:5378: checking for memory.h
configure:5378: g++ -c -g -O2  conftest.cpp >&5
configure:5378: $? = 0
configure:5378: result: yes
configure:5378: checking for strings.h
configure:5378: g++ -c -g -O2  conftest.cpp >&5
configure:5378: $? = 0
configure:5378: result: yes
configure:5378: checking for inttypes.h
configure:5378: g++ -c -g -O2  conftest.cpp >&5
configure:5378: $? = 0
configure:5378: result: yes
configure:5378: checking for stdint.h
configure:5378: g++ -c -g -O2  conftest.cpp >&5
configure:5378: $? = 0
configure:5378: result: yes
configure:5378: checking for unistd.h
configure:5378: g++ -c -g -O2  conftest.cpp >&5
configure:5378: $? = 0
configure:5378: result: yes
configure:5393: checking limits.h usability
configure:5393: g++ -c -g -O2  conftest.cpp >&5
configure:5393: $? = 0
configure:5393: result: yes
configure:5393: checking limits.h presence
configure:5393: g++ -E  conftest.cpp
configure:5393: $? = 0
configure:5393: result: yes
configure:5393: checking for limits.h
configure:5393: result: yes
configure:5393: checking stddef.h usability
configure:5393: g++ -c -g -O2  conftest.cpp >&5
configure:5393: $? = 0
configure:5393: result: yes
configure:5393: checking stddef.h presence
configure:5393: g++ -E  conftest.cpp
configure:5393: $? = 0
configure:5393: result: yes
configure:5393: checking for stddef.h
configure:5393: result: yes
configure:5393: checking for stdint.h
configure:5393: result: yes
configure:5393: checking for stdlib.h
configure:5393: result: yes
configure:5393: checking for string.h
configure:5393: result: yes
configure:5393: checking for unistd.h
configure:5393: result: yes
configure:5404: checking for stdbool.h that conforms to C99
configure:5471: g++ -c -g -O2  conftest.cpp >&5
conftest.cpp:30:15: error: expected unqualified-id
              "error: bool is not defined"
              ^
conftest.cpp:48:48: error: C++ requires a type specifier for all declarations
             struct s { _Bool s: 1; _Bool t; } s;
                                               ^
2 errors generated.
configure:5471: $? = 1
configure: failed program was:
| /* confdefs.h */
| #define PACKAGE_NAME "cramore"
| #define PACKAGE_TARNAME "cramore"
| #define PACKAGE_VERSION "0714e06-dirty"
| #define PACKAGE_STRING "cramore 0714e06-dirty"
| #define PACKAGE_BUGREPORT "hmkang@umich.edu"
| #define PACKAGE_URL ""
| #define PACKAGE "cramore"
| #define VERSION "0714e06-dirty"
| #define STDC_HEADERS 1
| #define HAVE_SYS_TYPES_H 1
| #define HAVE_SYS_STAT_H 1
| #define HAVE_STDLIB_H 1
| #define HAVE_STRING_H 1
| #define HAVE_MEMORY_H 1
| #define HAVE_STRINGS_H 1
| #define HAVE_INTTYPES_H 1
| #define HAVE_STDINT_H 1
| #define HAVE_UNISTD_H 1
| #define HAVE_LIMITS_H 1
| #define HAVE_STDDEF_H 1
| #define HAVE_STDINT_H 1
| #define HAVE_STDLIB_H 1
| #define HAVE_STRING_H 1
| #define HAVE_UNISTD_H 1
| /* end confdefs.h.  */
| 
|              #include <stdbool.h>
|              #ifndef bool
|               "error: bool is not defined"
|              #endif
|              #ifndef false
|               "error: false is not defined"
|              #endif
|              #if false
|               "error: false is not 0"
|              #endif
|              #ifndef true
|               "error: true is not defined"
|              #endif
|              #if true != 1
|               "error: true is not 1"
|              #endif
|              #ifndef __bool_true_false_are_defined
|               "error: __bool_true_false_are_defined is not defined"
|              #endif
| 
|              struct s { _Bool s: 1; _Bool t; } s;
| 
|              char a[true == 1 ? 1 : -1];
|              char b[false == 0 ? 1 : -1];
|              char c[__bool_true_false_are_defined == 1 ? 1 : -1];
|              char d[(bool) 0.5 == true ? 1 : -1];
|              /* See body of main program for 'e'.  */
|              char f[(_Bool) 0.0 == false ? 1 : -1];
|              char g[true];
|              char h[sizeof (_Bool)];
|              char i[sizeof s.t];
|              enum { j = false, k = true, l = false * true, m = true * 256 };
|              /* The following fails for
|                 HP aC++/ANSI C B3910B A.05.55 [Dec 04 2003]. */
|              _Bool n[m];
|              char o[sizeof n == m * sizeof n[0] ? 1 : -1];
|              char p[-1 - (_Bool) 0 < 0 && -1 - (bool) 0 < 0 ? 1 : -1];
|              /* Catch a bug in an HP-UX C compiler.  See
|                 http://gcc.gnu.org/ml/gcc-patches/2003-12/msg02303.html
|                 http://lists.gnu.org/archive/html/bug-coreutils/2005-11/msg00161.html
|               */
|              _Bool q = true;
|              _Bool *pq = &q;
| 
| int
| main ()
| {
| 
|              bool e = &s;
|              *pq |= q;
|              *pq |= ! q;
|              /* Refer to every declared value, to avoid compiler optimizations.  */
|              return (!a + !b + !c + !d + !e + !f + !g + !h + !i + !!j + !k + !!l
|                      + !m + !n + !o + !p + !q + !pq);
| 
|   ;
|   return 0;
| }
configure:5478: result: no
configure:5480: checking for _Bool
configure:5480: g++ -c -g -O2  conftest.cpp >&5
conftest.cpp:63:13: error: use of undeclared identifier '_Bool'
if (sizeof (_Bool))
            ^
1 error generated.
configure:5480: $? = 1
configure: failed program was:
| /* confdefs.h */
| #define PACKAGE_NAME "cramore"
| #define PACKAGE_TARNAME "cramore"
| #define PACKAGE_VERSION "0714e06-dirty"
| #define PACKAGE_STRING "cramore 0714e06-dirty"
| #define PACKAGE_BUGREPORT "hmkang@umich.edu"
| #define PACKAGE_URL ""
| #define PACKAGE "cramore"
| #define VERSION "0714e06-dirty"
| #define STDC_HEADERS 1
| #define HAVE_SYS_TYPES_H 1
| #define HAVE_SYS_STAT_H 1
| #define HAVE_STDLIB_H 1
| #define HAVE_STRING_H 1
| #define HAVE_MEMORY_H 1
| #define HAVE_STRINGS_H 1
| #define HAVE_INTTYPES_H 1
| #define HAVE_STDINT_H 1
| #define HAVE_UNISTD_H 1
| #define HAVE_LIMITS_H 1
| #define HAVE_STDDEF_H 1
| #define HAVE_STDINT_H 1
| #define HAVE_STDLIB_H 1
| #define HAVE_STRING_H 1
| #define HAVE_UNISTD_H 1
| /* end confdefs.h.  */
| #include <stdio.h>
| #ifdef HAVE_SYS_TYPES_H
| # include <sys/types.h>
| #endif
| #ifdef HAVE_SYS_STAT_H
| # include <sys/stat.h>
| #endif
| #ifdef STDC_HEADERS
| # include <stdlib.h>
| # include <stddef.h>
| #else
| # ifdef HAVE_STDLIB_H
| #  include <stdlib.h>
| # endif
| #endif
| #ifdef HAVE_STRING_H
| # if !defined STDC_HEADERS && defined HAVE_MEMORY_H
| #  include <memory.h>
| # endif
| # include <string.h>
| #endif
| #ifdef HAVE_STRINGS_H
| # include <strings.h>
| #endif
| #ifdef HAVE_INTTYPES_H
| # include <inttypes.h>
| #endif
| #ifdef HAVE_STDINT_H
| # include <stdint.h>
| #endif
| #ifdef HAVE_UNISTD_H
| # include <unistd.h>
| #endif
| int
| main ()
| {
| if (sizeof (_Bool))
| 	 return 0;
|   ;
|   return 0;
| }
configure:5480: result: no
configure:5497: checking for inline
configure:5513: g++ -c -g -O2  conftest.cpp >&5
configure:5513: $? = 0
configure:5521: result: inline
configure:5539: checking for int32_t
configure:5539: g++ -c -g -O2  conftest.cpp >&5
configure:5539: $? = 0
configure:5539: g++ -c -g -O2  conftest.cpp >&5
conftest.cpp:64:24: error: 'test_array' declared as an array with a negative size
static int test_array [1 - 2 * !((int32_t) (((((int32_t) 1 << N) << N) - 1) * 2 + 1)
                       ^~~~~~~~~~~~~~~~~~~~~~~~~~~~~~~~~~~~~~~~~~~~~~~~~~~~~~~~~~~~~
1 error generated.
configure:5539: $? = 1
configure: failed program was:
| /* confdefs.h */
| #define PACKAGE_NAME "cramore"
| #define PACKAGE_TARNAME "cramore"
| #define PACKAGE_VERSION "0714e06-dirty"
| #define PACKAGE_STRING "cramore 0714e06-dirty"
| #define PACKAGE_BUGREPORT "hmkang@umich.edu"
| #define PACKAGE_URL ""
| #define PACKAGE "cramore"
| #define VERSION "0714e06-dirty"
| #define STDC_HEADERS 1
| #define HAVE_SYS_TYPES_H 1
| #define HAVE_SYS_STAT_H 1
| #define HAVE_STDLIB_H 1
| #define HAVE_STRING_H 1
| #define HAVE_MEMORY_H 1
| #define HAVE_STRINGS_H 1
| #define HAVE_INTTYPES_H 1
| #define HAVE_STDINT_H 1
| #define HAVE_UNISTD_H 1
| #define HAVE_LIMITS_H 1
| #define HAVE_STDDEF_H 1
| #define HAVE_STDINT_H 1
| #define HAVE_STDLIB_H 1
| #define HAVE_STRING_H 1
| #define HAVE_UNISTD_H 1
| /* end confdefs.h.  */
| #include <stdio.h>
| #ifdef HAVE_SYS_TYPES_H
| # include <sys/types.h>
| #endif
| #ifdef HAVE_SYS_STAT_H
| # include <sys/stat.h>
| #endif
| #ifdef STDC_HEADERS
| # include <stdlib.h>
| # include <stddef.h>
| #else
| # ifdef HAVE_STDLIB_H
| #  include <stdlib.h>
| # endif
| #endif
| #ifdef HAVE_STRING_H
| # if !defined STDC_HEADERS && defined HAVE_MEMORY_H
| #  include <memory.h>
| # endif
| # include <string.h>
| #endif
| #ifdef HAVE_STRINGS_H
| # include <strings.h>
| #endif
| #ifdef HAVE_INTTYPES_H
| # include <inttypes.h>
| #endif
| #ifdef HAVE_STDINT_H
| # include <stdint.h>
| #endif
| #ifdef HAVE_UNISTD_H
| # include <unistd.h>
| #endif
| 	        enum { N = 32 / 2 - 1 };
| int
| main ()
| {
| static int test_array [1 - 2 * !((int32_t) (((((int32_t) 1 << N) << N) - 1) * 2 + 1)
| 		 < (int32_t) (((((int32_t) 1 << N) << N) - 1) * 2 + 2))];
| test_array [0] = 0;
| return test_array [0];
| 
|   ;
|   return 0;
| }
configure:5539: result: yes
configure:5550: checking for int64_t
configure:5550: g++ -c -g -O2  conftest.cpp >&5
configure:5550: $? = 0
configure:5550: g++ -c -g -O2  conftest.cpp >&5
conftest.cpp:64:24: error: 'test_array' declared as an array with a negative size
static int test_array [1 - 2 * !((int64_t) (((((int64_t) 1 << N) << N) - 1) * 2 + 1)
                       ^~~~~~~~~~~~~~~~~~~~~~~~~~~~~~~~~~~~~~~~~~~~~~~~~~~~~~~~~~~~~
1 error generated.
configure:5550: $? = 1
configure: failed program was:
| /* confdefs.h */
| #define PACKAGE_NAME "cramore"
| #define PACKAGE_TARNAME "cramore"
| #define PACKAGE_VERSION "0714e06-dirty"
| #define PACKAGE_STRING "cramore 0714e06-dirty"
| #define PACKAGE_BUGREPORT "hmkang@umich.edu"
| #define PACKAGE_URL ""
| #define PACKAGE "cramore"
| #define VERSION "0714e06-dirty"
| #define STDC_HEADERS 1
| #define HAVE_SYS_TYPES_H 1
| #define HAVE_SYS_STAT_H 1
| #define HAVE_STDLIB_H 1
| #define HAVE_STRING_H 1
| #define HAVE_MEMORY_H 1
| #define HAVE_STRINGS_H 1
| #define HAVE_INTTYPES_H 1
| #define HAVE_STDINT_H 1
| #define HAVE_UNISTD_H 1
| #define HAVE_LIMITS_H 1
| #define HAVE_STDDEF_H 1
| #define HAVE_STDINT_H 1
| #define HAVE_STDLIB_H 1
| #define HAVE_STRING_H 1
| #define HAVE_UNISTD_H 1
| /* end confdefs.h.  */
| #include <stdio.h>
| #ifdef HAVE_SYS_TYPES_H
| # include <sys/types.h>
| #endif
| #ifdef HAVE_SYS_STAT_H
| # include <sys/stat.h>
| #endif
| #ifdef STDC_HEADERS
| # include <stdlib.h>
| # include <stddef.h>
| #else
| # ifdef HAVE_STDLIB_H
| #  include <stdlib.h>
| # endif
| #endif
| #ifdef HAVE_STRING_H
| # if !defined STDC_HEADERS && defined HAVE_MEMORY_H
| #  include <memory.h>
| # endif
| # include <string.h>
| #endif
| #ifdef HAVE_STRINGS_H
| # include <strings.h>
| #endif
| #ifdef HAVE_INTTYPES_H
| # include <inttypes.h>
| #endif
| #ifdef HAVE_STDINT_H
| # include <stdint.h>
| #endif
| #ifdef HAVE_UNISTD_H
| # include <unistd.h>
| #endif
| 	        enum { N = 64 / 2 - 1 };
| int
| main ()
| {
| static int test_array [1 - 2 * !((int64_t) (((((int64_t) 1 << N) << N) - 1) * 2 + 1)
| 		 < (int64_t) (((((int64_t) 1 << N) << N) - 1) * 2 + 2))];
| test_array [0] = 0;
| return test_array [0];
| 
|   ;
|   return 0;
| }
configure:5550: result: yes
configure:5561: checking for C/C++ restrict keyword
configure:5586: g++ -c -g -O2  conftest.cpp >&5
configure:5586: $? = 0
configure:5594: result: __restrict
configure:5607: checking for size_t
configure:5607: g++ -c -g -O2  conftest.cpp >&5
configure:5607: $? = 0
configure:5607: g++ -c -g -O2  conftest.cpp >&5
conftest.cpp:64:21: error: expected expression
if (sizeof ((size_t)))
                    ^
1 error generated.
configure:5607: $? = 1
configure: failed program was:
| /* confdefs.h */
| #define PACKAGE_NAME "cramore"
| #define PACKAGE_TARNAME "cramore"
| #define PACKAGE_VERSION "0714e06-dirty"
| #define PACKAGE_STRING "cramore 0714e06-dirty"
| #define PACKAGE_BUGREPORT "hmkang@umich.edu"
| #define PACKAGE_URL ""
| #define PACKAGE "cramore"
| #define VERSION "0714e06-dirty"
| #define STDC_HEADERS 1
| #define HAVE_SYS_TYPES_H 1
| #define HAVE_SYS_STAT_H 1
| #define HAVE_STDLIB_H 1
| #define HAVE_STRING_H 1
| #define HAVE_MEMORY_H 1
| #define HAVE_STRINGS_H 1
| #define HAVE_INTTYPES_H 1
| #define HAVE_STDINT_H 1
| #define HAVE_UNISTD_H 1
| #define HAVE_LIMITS_H 1
| #define HAVE_STDDEF_H 1
| #define HAVE_STDINT_H 1
| #define HAVE_STDLIB_H 1
| #define HAVE_STRING_H 1
| #define HAVE_UNISTD_H 1
| #define restrict __restrict
| /* end confdefs.h.  */
| #include <stdio.h>
| #ifdef HAVE_SYS_TYPES_H
| # include <sys/types.h>
| #endif
| #ifdef HAVE_SYS_STAT_H
| # include <sys/stat.h>
| #endif
| #ifdef STDC_HEADERS
| # include <stdlib.h>
| # include <stddef.h>
| #else
| # ifdef HAVE_STDLIB_H
| #  include <stdlib.h>
| # endif
| #endif
| #ifdef HAVE_STRING_H
| # if !defined STDC_HEADERS && defined HAVE_MEMORY_H
| #  include <memory.h>
| # endif
| # include <string.h>
| #endif
| #ifdef HAVE_STRINGS_H
| # include <strings.h>
| #endif
| #ifdef HAVE_INTTYPES_H
| # include <inttypes.h>
| #endif
| #ifdef HAVE_STDINT_H
| # include <stdint.h>
| #endif
| #ifdef HAVE_UNISTD_H
| # include <unistd.h>
| #endif
| int
| main ()
| {
| if (sizeof ((size_t)))
| 	    return 0;
|   ;
|   return 0;
| }
configure:5607: result: yes
configure:5618: checking for uint16_t
configure:5618: g++ -c -g -O2  conftest.cpp >&5
configure:5618: $? = 0
configure:5618: result: yes
configure:5630: checking for uint32_t
configure:5630: g++ -c -g -O2  conftest.cpp >&5
configure:5630: $? = 0
configure:5630: result: yes
configure:5644: checking for uint64_t
configure:5644: g++ -c -g -O2  conftest.cpp >&5
configure:5644: $? = 0
configure:5644: result: yes
configure:5658: checking for uint8_t
configure:5658: g++ -c -g -O2  conftest.cpp >&5
configure:5658: $? = 0
configure:5658: result: yes
configure:5672: checking for ptrdiff_t
configure:5672: g++ -c -g -O2  conftest.cpp >&5
configure:5672: $? = 0
configure:5672: g++ -c -g -O2  conftest.cpp >&5
conftest.cpp:64:24: error: expected expression
if (sizeof ((ptrdiff_t)))
                       ^
1 error generated.
configure:5672: $? = 1
configure: failed program was:
| /* confdefs.h */
| #define PACKAGE_NAME "cramore"
| #define PACKAGE_TARNAME "cramore"
| #define PACKAGE_VERSION "0714e06-dirty"
| #define PACKAGE_STRING "cramore 0714e06-dirty"
| #define PACKAGE_BUGREPORT "hmkang@umich.edu"
| #define PACKAGE_URL ""
| #define PACKAGE "cramore"
| #define VERSION "0714e06-dirty"
| #define STDC_HEADERS 1
| #define HAVE_SYS_TYPES_H 1
| #define HAVE_SYS_STAT_H 1
| #define HAVE_STDLIB_H 1
| #define HAVE_STRING_H 1
| #define HAVE_MEMORY_H 1
| #define HAVE_STRINGS_H 1
| #define HAVE_INTTYPES_H 1
| #define HAVE_STDINT_H 1
| #define HAVE_UNISTD_H 1
| #define HAVE_LIMITS_H 1
| #define HAVE_STDDEF_H 1
| #define HAVE_STDINT_H 1
| #define HAVE_STDLIB_H 1
| #define HAVE_STRING_H 1
| #define HAVE_UNISTD_H 1
| #define restrict __restrict
| /* end confdefs.h.  */
| #include <stdio.h>
| #ifdef HAVE_SYS_TYPES_H
| # include <sys/types.h>
| #endif
| #ifdef HAVE_SYS_STAT_H
| # include <sys/stat.h>
| #endif
| #ifdef STDC_HEADERS
| # include <stdlib.h>
| # include <stddef.h>
| #else
| # ifdef HAVE_STDLIB_H
| #  include <stdlib.h>
| # endif
| #endif
| #ifdef HAVE_STRING_H
| # if !defined STDC_HEADERS && defined HAVE_MEMORY_H
| #  include <memory.h>
| # endif
| # include <string.h>
| #endif
| #ifdef HAVE_STRINGS_H
| # include <strings.h>
| #endif
| #ifdef HAVE_INTTYPES_H
| # include <inttypes.h>
| #endif
| #ifdef HAVE_STDINT_H
| # include <stdint.h>
| #endif
| #ifdef HAVE_UNISTD_H
| # include <unistd.h>
| #endif
| int
| main ()
| {
| if (sizeof ((ptrdiff_t)))
| 	    return 0;
|   ;
|   return 0;
| }
configure:5672: result: yes
configure:5684: checking for error_at_line
configure:5700: g++ -o conftest -g -O2   conftest.cpp  >&5
conftest.cpp:29:10: error: 'error.h' file not found with <angled> include; use "quotes" instead
#include <error.h>
         ^~~~~~~~~
         "error.h"
conftest.cpp:29:10: warning: non-portable path to file '<Error.h>'; specified path differs in case from file name on disk [-Wnonportable-include-path]
#include <error.h>
         ^~~~~~~~~
         <Error.h>
conftest.cpp:33:1: error: use of undeclared identifier 'error_at_line'
error_at_line (0, 0, "", 0, "an error occurred");
^
1 warning and 2 errors generated.
configure:5700: $? = 1
configure: failed program was:
| /* confdefs.h */
| #define PACKAGE_NAME "cramore"
| #define PACKAGE_TARNAME "cramore"
| #define PACKAGE_VERSION "0714e06-dirty"
| #define PACKAGE_STRING "cramore 0714e06-dirty"
| #define PACKAGE_BUGREPORT "hmkang@umich.edu"
| #define PACKAGE_URL ""
| #define PACKAGE "cramore"
| #define VERSION "0714e06-dirty"
| #define STDC_HEADERS 1
| #define HAVE_SYS_TYPES_H 1
| #define HAVE_SYS_STAT_H 1
| #define HAVE_STDLIB_H 1
| #define HAVE_STRING_H 1
| #define HAVE_MEMORY_H 1
| #define HAVE_STRINGS_H 1
| #define HAVE_INTTYPES_H 1
| #define HAVE_STDINT_H 1
| #define HAVE_UNISTD_H 1
| #define HAVE_LIMITS_H 1
| #define HAVE_STDDEF_H 1
| #define HAVE_STDINT_H 1
| #define HAVE_STDLIB_H 1
| #define HAVE_STRING_H 1
| #define HAVE_UNISTD_H 1
| #define restrict __restrict
| #define HAVE_PTRDIFF_T 1
| /* end confdefs.h.  */
| #include <error.h>
| int
| main ()
| {
| error_at_line (0, 0, "", 0, "an error occurred");
|   ;
|   return 0;
| }
configure:5708: result: no
configure:5721: checking for stdlib.h
configure:5721: result: yes
configure:5731: checking for GNU libc compatible malloc
configure:5755: g++ -o conftest -g -O2   conftest.cpp  >&5
configure:5755: $? = 0
configure:5755: ./conftest
configure:5755: $? = 0
configure:5765: result: yes
configure:5786: checking whether sys/types.h defines makedev
configure:5802: g++ -o conftest -g -O2   conftest.cpp  >&5
configure:5802: $? = 0
configure:5811: result: yes
configure:5838: checking for stdlib.h
configure:5838: result: yes
configure:5848: checking for GNU libc compatible realloc
configure:5872: g++ -o conftest -g -O2   conftest.cpp  >&5
configure:5872: $? = 0
configure:5872: ./conftest
configure:5872: $? = 0
configure:5882: result: yes
configure:5903: checking for working strtod
configure:5944: g++ -o conftest -g -O2   conftest.cpp  >&5
conftest.cpp:75:20: warning: conversion from string literal to 'char *' is deprecated [-Wc++11-compat-deprecated-writable-strings]
    char *string = " +69";
                   ^
conftest.cpp:86:20: warning: conversion from string literal to 'char *' is deprecated [-Wc++11-compat-deprecated-writable-strings]
    char *string = "NaN";
                   ^
2 warnings generated.
configure:5944: $? = 0
configure:5944: ./conftest
configure:5944: $? = 0
configure:5954: result: yes
configure:6019: checking for floor
configure:6019: g++ -o conftest -g -O2   conftest.cpp  >&5
configure:6019: $? = 0
configure:6019: result: yes
configure:6019: checking for gethostname
configure:6019: g++ -o conftest -g -O2   conftest.cpp  >&5
configure:6019: $? = 0
configure:6019: result: yes
configure:6019: checking for memset
configure:6019: g++ -o conftest -g -O2   conftest.cpp  >&5
configure:6019: $? = 0
configure:6019: result: yes
configure:6019: checking for pow
configure:6019: g++ -o conftest -g -O2   conftest.cpp  >&5
configure:6019: $? = 0
configure:6019: result: yes
configure:6019: checking for select
configure:6019: g++ -o conftest -g -O2   conftest.cpp  >&5
configure:6019: $? = 0
configure:6019: result: yes
configure:6019: checking for sqrt
configure:6019: g++ -o conftest -g -O2   conftest.cpp  >&5
configure:6019: $? = 0
configure:6019: result: yes
configure:6019: checking for strchr
configure:6019: g++ -o conftest -g -O2   conftest.cpp  >&5
configure:6019: $? = 0
configure:6019: result: yes
configure:6019: checking for strstr
configure:6019: g++ -o conftest -g -O2   conftest.cpp  >&5
configure:6019: $? = 0
configure:6019: result: yes
configure:6019: checking for strtol
configure:6019: g++ -o conftest -g -O2   conftest.cpp  >&5
configure:6019: $? = 0
configure:6019: result: yes
configure:6028: checking for gzopen in -lz
configure:6053: g++ -o conftest -g -O2   conftest.cpp -lz   >&5
configure:6053: $? = 0
configure:6062: result: yes
configure:6075: checking for erf in -lm
configure:6100: g++ -o conftest -g -O2   conftest.cpp -lm  -lz  >&5
configure:6100: $? = 0
configure:6109: result: yes
configure:6117: checking for erfc in -lm
configure:6142: g++ -o conftest -g -O2   conftest.cpp -lm  -lz  >&5
configure:6142: $? = 0
configure:6151: result: yes
configure:6278: checking that generated files are newer than configure
configure:6284: result: done
configure:6311: creating ./config.status

## ---------------------- ##
## Running config.status. ##
## ---------------------- ##

This file was extended by cramore config.status 0714e06-dirty, which was
generated by GNU Autoconf 2.69.  Invocation command line was

  CONFIG_FILES    = 
  CONFIG_HEADERS  = 
  CONFIG_LINKS    = 
  CONFIG_COMMANDS = 
  $ ./config.status 

on hyunpro2017.local

config.status:891: creating config.mk
config.status:891: creating Makefile
config.status:891: creating config.h
config.status:1072: config.h is unchanged
config.status:1120: executing depfiles commands
config.status:1197: cd .       && sed -e '/# am--include-marker/d' Makefile         | make -f - am--depfiles
make: Nothing to be done for `am--depfiles'.
config.status:1202: $? = 0

## ---------------- ##
## Cache variables. ##
## ---------------- ##

ac_cv_c_compiler_gnu=yes
ac_cv_c_inline=inline
ac_cv_c_int32_t=yes
ac_cv_c_int64_t=yes
ac_cv_c_restrict=__restrict
ac_cv_c_uint16_t=yes
ac_cv_c_uint32_t=yes
ac_cv_c_uint64_t=yes
ac_cv_c_uint8_t=yes
ac_cv_cxx_compiler_gnu=yes
ac_cv_env_CCC_set=
ac_cv_env_CCC_value=
ac_cv_env_CC_set=
ac_cv_env_CC_value=
ac_cv_env_CFLAGS_set=
ac_cv_env_CFLAGS_value=
ac_cv_env_CPPFLAGS_set=
ac_cv_env_CPPFLAGS_value=
ac_cv_env_CXXCPP_set=
ac_cv_env_CXXCPP_value=
ac_cv_env_CXXFLAGS_set=
ac_cv_env_CXXFLAGS_value=
ac_cv_env_CXX_set=
ac_cv_env_CXX_value=
ac_cv_env_LDFLAGS_set=
ac_cv_env_LDFLAGS_value=
ac_cv_env_LIBS_set=
ac_cv_env_LIBS_value=
ac_cv_env_build_alias_set=
ac_cv_env_build_alias_value=
ac_cv_env_host_alias_set=
ac_cv_env_host_alias_value=
ac_cv_env_target_alias_set=
ac_cv_env_target_alias_value=
ac_cv_func_floor=yes
ac_cv_func_gethostname=yes
ac_cv_func_malloc_0_nonnull=yes
ac_cv_func_memset=yes
ac_cv_func_pow=yes
ac_cv_func_realloc_0_nonnull=yes
ac_cv_func_select=yes
ac_cv_func_sqrt=yes
ac_cv_func_strchr=yes
ac_cv_func_strstr=yes
ac_cv_func_strtod=yes
ac_cv_func_strtol=yes
ac_cv_header_inttypes_h=yes
ac_cv_header_limits_h=yes
ac_cv_header_memory_h=yes
ac_cv_header_stdbool_h=no
ac_cv_header_stdc=yes
ac_cv_header_stddef_h=yes
ac_cv_header_stdint_h=yes
ac_cv_header_stdlib_h=yes
ac_cv_header_string_h=yes
ac_cv_header_strings_h=yes
ac_cv_header_sys_stat_h=yes
ac_cv_header_sys_types_h=yes
ac_cv_header_sys_types_h_makedev=yes
ac_cv_header_unistd_h=yes
ac_cv_lib_error_at_line=no
ac_cv_lib_m_erf=yes
ac_cv_lib_m_erfc=yes
ac_cv_lib_z_gzopen=yes
ac_cv_objext=o
ac_cv_path_EGREP='/usr/bin/grep -E'
ac_cv_path_GREP=/usr/bin/grep
ac_cv_path_install='/usr/bin/install -c'
ac_cv_prog_AWK=awk
ac_cv_prog_CXXCPP='g++ -E'
ac_cv_prog_ac_ct_CC=gcc
ac_cv_prog_ac_ct_CXX=g++
ac_cv_prog_cc_c89=
ac_cv_prog_cc_g=yes
ac_cv_prog_cxx_g=yes
ac_cv_prog_make_make_set=yes
ac_cv_sys_file_offset_bits=no
ac_cv_sys_largefile_CC=no
ac_cv_type__Bool=no
ac_cv_type_ptrdiff_t=yes
ac_cv_type_size_t=yes
am_cv_CC_dependencies_compiler_type=gcc3
am_cv_CXX_dependencies_compiler_type=gcc3
am_cv_make_support_nested_variables=yes
am_cv_prog_cc_c_o=yes
ax_cv_htslib=yes
ax_cv_htslib_which=source

## ----------------- ##
## Output variables. ##
## ----------------- ##

ACLOCAL='${SHELL} /Users/hmkang/code/git/cramore/missing aclocal-1.16'
AMDEPBACKSLASH='\'
AMDEP_FALSE='#'
AMDEP_TRUE=''
AMTAR='$${TAR-tar}'
AM_BACKSLASH='\'
AM_DEFAULT_V='$(AM_DEFAULT_VERBOSITY)'
AM_DEFAULT_VERBOSITY='1'
AM_V='$(V)'
AUTOCONF='${SHELL} /Users/hmkang/code/git/cramore/missing autoconf'
AUTOHEADER='${SHELL} /Users/hmkang/code/git/cramore/missing autoheader'
AUTOMAKE='${SHELL} /Users/hmkang/code/git/cramore/missing automake-1.16'
AWK='awk'
CC='gcc'
CCDEPMODE='depmode=gcc3'
CFLAGS='-g -O2'
CPPFLAGS=''
CXX='g++'
CXXCPP='g++ -E'
CXXDEPMODE='depmode=gcc3'
CXXFLAGS='-g -O2'
CYGPATH_W='echo'
DEFS='-DHAVE_CONFIG_H'
DEPDIR='.deps'
ECHO_C='\c'
ECHO_N=''
ECHO_T=''
EGREP='/usr/bin/grep -E'
EXEEXT=''
GREP='/usr/bin/grep'
HTSDIR='../htslib'
HTSLIB_CPPFLAGS='-I../htslib'
HTSLIB_LDFLAGS='-L../htslib'
Hinstall='#'
Hsource=''
INSTALL_DATA='${INSTALL} -m 644'
INSTALL_PROGRAM='${INSTALL}'
INSTALL_SCRIPT='${INSTALL}'
INSTALL_STRIP_PROGRAM='$(install_sh) -c -s'
LDFLAGS=''
LIBOBJS=' ${LIBOBJDIR}error$U.o'
LIBS='-lz '
LTLIBOBJS=' ${LIBOBJDIR}error$U.lo'
MAKEINFO='${SHELL} /Users/hmkang/code/git/cramore/missing makeinfo'
MKDIR_P='./install-sh -c -d'
OBJEXT='o'
PACKAGE='cramore'
PACKAGE_BUGREPORT='hmkang@umich.edu'
PACKAGE_NAME='cramore'
PACKAGE_STRING='cramore 0714e06-dirty'
PACKAGE_TARNAME='cramore'
PACKAGE_URL=''
PACKAGE_VERSION='0714e06-dirty'
PATH_SEPARATOR=':'
POW_LIB=''
SET_MAKE=''
SHELL='/bin/sh'
STRIP=''
VERSION='0714e06-dirty'
ac_ct_CC='gcc'
ac_ct_CXX='g++'
am__EXEEXT_FALSE=''
am__EXEEXT_TRUE='#'
am__fastdepCC_FALSE='#'
am__fastdepCC_TRUE=''
am__fastdepCXX_FALSE='#'
am__fastdepCXX_TRUE=''
am__include='include'
am__isrc=''
am__leading_dot='.'
am__nodep='_no'
am__quote=''
am__tar='$${TAR-tar} chof - "$$tardir"'
am__untar='$${TAR-tar} xf -'
bindir='${exec_prefix}/bin'
build_alias=''
datadir='${datarootdir}'
datarootdir='${prefix}/share'
docdir='${datarootdir}/doc/${PACKAGE_TARNAME}'
dvidir='${docdir}'
exec_prefix='${prefix}'
host_alias=''
htmldir='${docdir}'
include_htslib_mk='include $(HTSDIR)/htslib.mk'
includedir='${prefix}/include'
infodir='${datarootdir}/info'
install_sh='${SHELL} /Users/hmkang/code/git/cramore/install-sh'
libdir='${exec_prefix}/lib'
libexecdir='${exec_prefix}/libexec'
localedir='${datarootdir}/locale'
localstatedir='${prefix}/var'
mandir='${datarootdir}/man'
mkdir_p='$(MKDIR_P)'
oldincludedir='/usr/include'
pdfdir='${docdir}'
prefix='/usr/local'
program_transform_name='s,x,x,'
psdir='${docdir}'
sbindir='${exec_prefix}/sbin'
sharedstatedir='${prefix}/com'
subdirs=''
sysconfdir='${prefix}/etc'
target_alias=''

## ----------- ##
## confdefs.h. ##
## ----------- ##

/* confdefs.h */
#define PACKAGE_NAME "cramore"
#define PACKAGE_TARNAME "cramore"
#define PACKAGE_VERSION "0714e06-dirty"
#define PACKAGE_STRING "cramore 0714e06-dirty"
#define PACKAGE_BUGREPORT "hmkang@umich.edu"
#define PACKAGE_URL ""
#define PACKAGE "cramore"
#define VERSION "0714e06-dirty"
#define STDC_HEADERS 1
#define HAVE_SYS_TYPES_H 1
#define HAVE_SYS_STAT_H 1
#define HAVE_STDLIB_H 1
#define HAVE_STRING_H 1
#define HAVE_MEMORY_H 1
#define HAVE_STRINGS_H 1
#define HAVE_INTTYPES_H 1
#define HAVE_STDINT_H 1
#define HAVE_UNISTD_H 1
#define HAVE_LIMITS_H 1
#define HAVE_STDDEF_H 1
#define HAVE_STDINT_H 1
#define HAVE_STDLIB_H 1
#define HAVE_STRING_H 1
#define HAVE_UNISTD_H 1
#define restrict __restrict
#define HAVE_PTRDIFF_T 1
#define HAVE_STDLIB_H 1
#define HAVE_MALLOC 1
#define HAVE_STDLIB_H 1
#define HAVE_REALLOC 1
#define HAVE_FLOOR 1
#define HAVE_GETHOSTNAME 1
#define HAVE_MEMSET 1
#define HAVE_POW 1
#define HAVE_SELECT 1
#define HAVE_SQRT 1
#define HAVE_STRCHR 1
#define HAVE_STRSTR 1
#define HAVE_STRTOL 1
#define HAVE_LIBZ 1
#define HAVE_ERF 1
#define HAVE_ERFC 1

configure: exit 0
